<?xml version="1.0" encoding="UTF-8"?>
<testsuite xmlns:xsi="http://www.w3.org/2001/XMLSchema-instance" xsi:noNamespaceSchemaLocation="https://maven.apache.org/surefire/maven-surefire-plugin/xsd/surefire-test-report-3.0.xsd" version="3.0" name="com.elvo.identity.repository.UserRepositoryUnitTest" time="8.44" tests="1" errors="0" skipped="0" failures="0">
  <properties>
[...]
</properties>
  <testcase name="findByEmailIgnoreCaseShouldLocateUser" classname="com.elvo.identity.repository.UserRepositoryUnitTest" time="0.365">
    <system-out><![CDATA[2026-04-05 23:40:41.584 INFO  [main] [app:elvo-identity-service] [corr:] [req:] o.s.t.c.s.AnnotationConfigContextLoaderUtils - Could not detect default configuration classes for test class [com.elvo.identity.repository.UserRepositoryUnitTest]: UserRepositoryUnitTest does not declare any static, non-private, non-final, nested classes annotated with @Configuration.
2026-04-05 23:40:41.681 INFO  [main] [app:elvo-identity-service] [corr:] [req:] o.s.b.t.c.SpringBootTestContextBootstrapper - Found @SpringBootConfiguration com.elvo.identity.ElvoIdentityServiceApplication for test class com.elvo.identity.repository.UserRepositoryUnitTest

  .   ____          _            __ _ _
 /\\ / ___'_ __ _ _(_)_ __  __ _ \ \ \ \
( ( )\___ | '_ | '_| | '_ \/ _` | \ \ \ \
 \\/  ___)| |_)| | | | | || (_| |  ) ) ) )
  '  |____| .__|_| |_|_| |_\__, | / / / /
 =========|_|==============|___/=/_/_/_/

 :: Spring Boot ::                (v3.3.4)

2026-04-05 23:40:41.842 INFO  [main] [app:elvo-identity-service] [corr:] [req:] c.e.i.r.UserRepositoryUnitTest - Starting UserRepositoryUnitTest using Java 17.0.15 with PID 22300 (started by isonl in C:\Users\isonl\Desktop\PROJECT\elvo-digital\services\elvo-identity-service)
2026-04-05 23:40:41.842 INFO  [main] [app:elvo-identity-service] [corr:] [req:] c.e.i.r.UserRepositoryUnitTest - The following 1 profile is active: "test"
2026-04-05 23:40:42.429 INFO  [main] [app:elvo-identity-service] [corr:] [req:] o.s.d.r.c.RepositoryConfigurationDelegate - Multiple Spring Data modules found, entering strict repository configuration mode
2026-04-05 23:40:42.434 INFO  [main] [app:elvo-identity-service] [corr:] [req:] o.s.d.r.c.RepositoryConfigurationDelegate - Bootstrapping Spring Data JPA repositories in DEFAULT mode.
2026-04-05 23:40:42.606 INFO  [main] [app:elvo-identity-service] [corr:] [req:] o.s.d.r.c.RepositoryConfigurationDelegate - Finished Spring Data repository scanning in 148 ms. Found 4 JPA repository interfaces.
2026-04-05 23:40:42.718 INFO  [main] [app:elvo-identity-service] [corr:] [req:] o.s.b.t.a.j.TestDatabaseAutoConfiguration$EmbeddedDataSourceBeanFactoryPostProcessor - Replacing 'dataSource' DataSource bean with embedded version
2026-04-05 23:40:42.870 INFO  [main] [app:elvo-identity-service] [corr:] [req:] o.s.j.d.e.EmbeddedDatabaseFactory - Starting embedded database: url='jdbc:h2:mem:2f0c7c4c-1043-4bdb-ad27-e5e368a5517a;DB_CLOSE_DELAY=-1;DB_CLOSE_ON_EXIT=false', username='sa'
2026-04-05 23:40:43.508 INFO  [main] [app:elvo-identity-service] [corr:] [req:] o.h.jpa.internal.util.LogHelper - HHH000204: Processing PersistenceUnitInfo [name: default]
2026-04-05 23:40:43.688 INFO  [main] [app:elvo-identity-service] [corr:] [req:] org.hibernate.Version - HHH000412: Hibernate ORM core version 6.5.3.Final
2026-04-05 23:40:43.799 INFO  [main] [app:elvo-identity-service] [corr:] [req:] o.h.c.i.RegionFactoryInitiator - HHH000026: Second-level cache disabled
2026-04-05 23:40:44.234 INFO  [main] [app:elvo-identity-service] [corr:] [req:] o.s.o.j.p.SpringPersistenceUnitInfo - No LoadTimeWeaver setup: ignoring JPA class transformer
2026-04-05 23:40:44.423 WARN  [main] [app:elvo-identity-service] [corr:] [req:] org.hibernate.orm.deprecation - HHH90000025: H2Dialect does not need to be specified explicitly using 'hibernate.dialect' (remove the property setting and it will be selected by default)
2026-04-05 23:40:46.847 INFO  [main] [app:elvo-identity-service] [corr:] [req:] o.h.e.t.j.p.i.JtaPlatformInitiator - HHH000489: No JTA platform available (set 'hibernate.transaction.jta.platform' to enable JTA platform integration)
Hibernate: drop table if exists audits cascade 
Hibernate: drop table if exists devices cascade 
Hibernate: drop table if exists sessions cascade 
Hibernate: drop table if exists users cascade 
Hibernate: create table audits (created_at timestamp(6) with time zone not null, device_id uuid, id uuid not null, session_id uuid, user_id uuid, source_ip varchar(45), correlation_id varchar(128), description varchar(512), source_user_agent varchar(512), action_type enum ('DEVICE_REMOVAL','ESP_CHANGE','LOGIN','LOGOUT','PASSWORD_CHANGE','REGISTRATION','SESSION_REVOCATION','USER_ACTIVITY') not null, source_type enum ('API','DEVICE','SYSTEM','USER') not null, primary key (id))
Hibernate: create table devices (is_revoked boolean not null, is_suspicious boolean not null, is_trusted boolean not null, created_at timestamp(6) with time zone not null, last_used_at timestamp(6) with time zone, updated_at timestamp(6) with time zone not null, id uuid not null, user_id uuid not null, device_type varchar(64) not null, device_id varchar(128) not null, primary key (id), constraint uk_devices_device_id unique (device_id))
Hibernate: create table sessions (is_active boolean not null, is_revoked boolean not null, created_at timestamp(6) with time zone not null, expires_at timestamp(6) with time zone not null, updated_at timestamp(6) with time zone not null, device_id uuid not null, id uuid not null, user_id uuid not null, ip_address varchar(45), refresh_token varchar(512) not null, jwt_token varchar(4096) not null, session_status enum ('ACTIVE','EXPIRED','REVOKED','TERMINATED') not null, primary key (id), constraint uk_sessions_refresh_token unique (refresh_token))
Hibernate: create table users (eac_failed_attempts integer not null, esp_enabled boolean not null, esp_failed_attempts integer not null, failed_login_attempts integer not null, fast_login_failed_attempts integer not null, mfa_enabled boolean not null, password_reset_failed_attempts integer not null, suspicious_activity_count integer not null, created_at timestamp(6) with time zone not null, eac_expires_at timestamp(6) with time zone, eac_last_requested_at timestamp(6) with time zone, esp_expires_at timestamp(6) with time zone, esp_last_requested_at timestamp(6) with time zone, fast_login_expires_at timestamp(6) with time zone, fast_login_last_requested_at timestamp(6) with time zone, last_login_at timestamp(6) with time zone, lockout_until timestamp(6) with time zone, password_reset_expires_at timestamp(6) with time zone, password_reset_last_requested_at timestamp(6) with time zone, security_last_event_at timestamp(6) with time zone, updated_at timestamp(6) with time zone not null, id uuid not null, phone varchar(32) not null, ean varchar(64) not null, display_name varchar(128), eac_hash varchar(255), email varchar(255) not null, esp_hash varchar(255), fast_login_pin_hash varchar(255), hashed_password varchar(255) not null, password_reset_hash varchar(255), account_status enum ('ACTIVE','DISABLED','LOCKED','PENDING_VERIFICATION','SUSPENDED') not null, primary key (id), constraint uk_users_ean unique (ean), constraint uk_users_email unique (email), constraint uk_users_phone unique (phone))
Hibernate: create index idx_audits_user_id on audits (user_id)
Hibernate: create index idx_audits_action_type on audits (action_type)
Hibernate: create index idx_audits_created_at on audits (created_at)
Hibernate: create index idx_audits_source_ip on audits (source_ip)
Hibernate: create index idx_audits_correlation_id on audits (correlation_id)
Hibernate: create index idx_devices_user_id on devices (user_id)
Hibernate: create index idx_devices_last_used_at on devices (last_used_at)
Hibernate: create index idx_devices_revoked_suspicious on devices (is_revoked, is_suspicious)
Hibernate: create index idx_sessions_user_id on sessions (user_id)
Hibernate: create index idx_sessions_device_id on sessions (device_id)
Hibernate: create index idx_sessions_expires_at on sessions (expires_at)
Hibernate: create index idx_sessions_status_active on sessions (session_status, is_active)
Hibernate: create index idx_users_account_status on users (account_status)
Hibernate: create index idx_users_created_at on users (created_at)
Hibernate: alter table if exists audits add constraint FKkf5h7txhgapq8yj144w5rx2pp foreign key (user_id) references users
Hibernate: alter table if exists devices add constraint FKrfbri1ymrwywdydc4dgywe1bt foreign key (user_id) references users
Hibernate: alter table if exists sessions add constraint FKebt6qme74mxef65v1lr3ck7so foreign key (device_id) references devices
Hibernate: alter table if exists sessions add constraint FKruie73rneumyyd1bgo6qw8vjt foreign key (user_id) references users
2026-04-05 23:40:47.127 INFO  [main] [app:elvo-identity-service] [corr:] [req:] o.s.o.j.LocalContainerEntityManagerFactoryBean - Initialized JPA EntityManagerFactory for persistence unit 'default'
2026-04-05 23:40:48.645 INFO  [main] [app:elvo-identity-service] [corr:] [req:] o.s.d.j.r.query.QueryEnhancerFactory - Hibernate is in classpath; If applicable, HQL parser will be used.
2026-04-05 23:40:49.643 INFO  [main] [app:elvo-identity-service] [corr:] [req:] c.e.i.r.UserRepositoryUnitTest - Started UserRepositoryUnitTest in 7.953 seconds (process running for 18.499)
Hibernate: insert into users (account_status,created_at,display_name,eac_expires_at,eac_failed_attempts,eac_hash,eac_last_requested_at,ean,email,esp_enabled,esp_expires_at,esp_failed_attempts,esp_hash,esp_last_requested_at,failed_login_attempts,fast_login_expires_at,fast_login_failed_attempts,fast_login_last_requested_at,fast_login_pin_hash,hashed_password,last_login_at,lockout_until,mfa_enabled,password_reset_expires_at,password_reset_failed_attempts,password_reset_hash,password_reset_last_requested_at,phone,security_last_event_at,suspicious_activity_count,updated_at,id) values (?,?,?,?,?,?,?,?,?,?,?,?,?,?,?,?,?,?,?,?,?,?,?,?,?,?,?,?,?,?,?,?)
Hibernate: select u1_0.id,u1_0.account_status,u1_0.created_at,u1_0.display_name,u1_0.eac_expires_at,u1_0.eac_failed_attempts,u1_0.eac_hash,u1_0.eac_last_requested_at,u1_0.ean,u1_0.email,u1_0.esp_enabled,u1_0.esp_expires_at,u1_0.esp_failed_attempts,u1_0.esp_hash,u1_0.esp_last_requested_at,u1_0.failed_login_attempts,u1_0.fast_login_expires_at,u1_0.fast_login_failed_attempts,u1_0.fast_login_last_requested_at,u1_0.fast_login_pin_hash,u1_0.hashed_password,u1_0.last_login_at,u1_0.lockout_until,u1_0.mfa_enabled,u1_0.password_reset_expires_at,u1_0.password_reset_failed_attempts,u1_0.password_reset_hash,u1_0.password_reset_last_requested_at,u1_0.phone,u1_0.security_last_event_at,u1_0.suspicious_activity_count,u1_0.updated_at from users u1_0 where upper(u1_0.email)=upper(?)
]]></system-out>
  </testcase>
</testsuite>